<?xml version="1.0" encoding="UTF-8"?>
<testng-results ignored="0" total="1" passed="0" failed="1" skipped="0">
  <reporter-output>
  </reporter-output>
  <suite started-at="2020-04-11T19:32:23 IST" name="Default suite" finished-at="2020-04-11T19:33:28 IST" duration-ms="64271">
    <groups>
    </groups>
    <test started-at="2020-04-11T19:32:23 IST" name="Default test" finished-at="2020-04-11T19:33:28 IST" duration-ms="64271">
      <class name="runner.flightbookingTestrunner">
        <test-method is-config="true" signature="setUP()[pri:0, instance:runner.flightbookingTestrunner@55f616cf]" started-at="2020-04-11T19:32:23 IST" name="setUP" finished-at="2020-04-11T19:33:03 IST" duration-ms="40175" status="PASS">
          <reporter-output>
          </reporter-output>
        </test-method> <!-- setUP -->
        <test-method signature="booking(cucumber.api.testng.CucumberFeatureWrapper)[pri:0, instance:runner.flightbookingTestrunner@55f616cf]" started-at="2020-04-11T19:33:04 IST" name="booking" description="booking" data-provider="features" finished-at="2020-04-11T19:33:25 IST" duration-ms="21767" status="FAIL">
          <params>
            <param index="0">
              <value>
                <![CDATA[Account]]>
              </value>
            </param>
          </params>
          <exception class="cucumber.runtime.CucumberException">
            <message>
              <![CDATA[java.io.FileNotFoundException: C:\Users\hi\Desktop\Workspace\phptravels\src\test\resources\com\screenshots\bookingImage .png (The system cannot find the path specified)]]>
            </message>
            <full-stacktrace>
              <![CDATA[cucumber.runtime.CucumberException: java.io.FileNotFoundException: C:\Users\hi\Desktop\Workspace\phptravels\src\test\resources\com\screenshots\bookingImage .png (The system cannot find the path specified)
at cucumber.api.testng.TestNGCucumberRunner.runCucumber(TestNGCucumberRunner.java:69)
at runner.flightbookingTestrunner.booking(flightbookingTestrunner.java:28)
at java.base/jdk.internal.reflect.NativeMethodAccessorImpl.invoke0(Native Method)
at java.base/jdk.internal.reflect.NativeMethodAccessorImpl.invoke(NativeMethodAccessorImpl.java:62)
at java.base/jdk.internal.reflect.DelegatingMethodAccessorImpl.invoke(DelegatingMethodAccessorImpl.java:43)
at java.base/java.lang.reflect.Method.invoke(Method.java:564)
at org.testng.internal.MethodInvocationHelper.invokeMethod(MethodInvocationHelper.java:133)
at org.testng.internal.TestInvoker.invokeMethod(TestInvoker.java:584)
at org.testng.internal.TestInvoker.invokeTestMethod(TestInvoker.java:172)
at org.testng.internal.MethodRunner.runInSequence(MethodRunner.java:46)
at org.testng.internal.TestInvoker$MethodInvocationAgent.invoke(TestInvoker.java:804)
at org.testng.internal.TestInvoker.invokeTestMethods(TestInvoker.java:145)
at org.testng.internal.TestMethodWorker.invokeTestMethods(TestMethodWorker.java:146)
at org.testng.internal.TestMethodWorker.run(TestMethodWorker.java:128)
at java.base/java.util.ArrayList.forEach(ArrayList.java:1510)
at org.testng.TestRunner.privateRun(TestRunner.java:770)
at org.testng.TestRunner.run(TestRunner.java:591)
at org.testng.SuiteRunner.runTest(SuiteRunner.java:402)
at org.testng.SuiteRunner.runSequentially(SuiteRunner.java:396)
at org.testng.SuiteRunner.privateRun(SuiteRunner.java:355)
at org.testng.SuiteRunner.run(SuiteRunner.java:304)
at org.testng.SuiteRunnerWorker.runSuite(SuiteRunnerWorker.java:53)
at org.testng.SuiteRunnerWorker.run(SuiteRunnerWorker.java:96)
at org.testng.TestNG.runSuitesSequentially(TestNG.java:1180)
at org.testng.TestNG.runSuitesLocally(TestNG.java:1102)
at org.testng.TestNG.runSuites(TestNG.java:1032)
at org.testng.TestNG.run(TestNG.java:1000)
at org.testng.remote.AbstractRemoteTestNG.run(AbstractRemoteTestNG.java:115)
at org.testng.remote.RemoteTestNG.initAndRun(RemoteTestNG.java:251)
at org.testng.remote.RemoteTestNG.main(RemoteTestNG.java:77)
Caused by: java.io.FileNotFoundException: C:\Users\hi\Desktop\Workspace\phptravels\src\test\resources\com\screenshots\bookingImage .png (The system cannot find the path specified)
at java.base/java.io.FileOutputStream.open0(Native Method)
at java.base/java.io.FileOutputStream.open(FileOutputStream.java:291)
at java.base/java.io.FileOutputStream.<init>(FileOutputStream.java:234)
at com.google.common.io.Files$FileByteSink.openStream(Files.java:192)
at com.google.common.io.Files$FileByteSink.openStream(Files.java:180)
at com.google.common.io.ByteSource.copyTo(ByteSource.java:268)
at com.google.common.io.Files.copy(Files.java:319)
at objects.flightbookingpage.takeSnap(flightbookingpage.java:87)
at objects.flightbookingpage.searchflights(flightbookingpage.java:79)
at stepdefinition.flightbookingTeststeps.i_passenger_have_to_book_the_flight(flightbookingTeststeps.java:35)
at âœ½.Then I passenger have to book the flight(flight.feature:8)
]]>
            </full-stacktrace>
          </exception> <!-- cucumber.runtime.CucumberException -->
          <reporter-output>
          </reporter-output>
        </test-method> <!-- booking -->
        <test-method is-config="true" signature="tearDown()[pri:0, instance:runner.flightbookingTestrunner@55f616cf]" started-at="2020-04-11T19:33:25 IST" name="tearDown" finished-at="2020-04-11T19:33:28 IST" duration-ms="2029" status="PASS">
          <reporter-output>
          </reporter-output>
        </test-method> <!-- tearDown -->
      </class> <!-- runner.flightbookingTestrunner -->
    </test> <!-- Default test -->
  </suite> <!-- Default suite -->
</testng-results>
